<?xml version="1.0" encoding="UTF-8"?>
<testng-results ignored="4" total="7" passed="3" failed="0" skipped="0">
  <reporter-output>
    <line>
      <![CDATA[Actual url is:https://www.facebook.com/]]>
    </line>
    <line>
      <![CDATA[Expected url is:https://www.facebook.com/]]>
    </line>
  </reporter-output>
  <suite started-at="2021-07-08T21:49:50 EDT" name="Regression Suite" finished-at="2021-07-08T21:49:53 EDT" duration-ms="3010">
    <groups>
    </groups>
    <test started-at="2021-07-08T21:49:50 EDT" name="Regression Test - chrome" finished-at="2021-07-08T21:49:53 EDT" duration-ms="3010">
      <class name="test.Base">
        <test-method is-config="true" signature="beforeTest(java.lang.String,java.lang.String)[pri:0, instance:test.Base@6e0f5f7f]" started-at="2021-07-08T21:49:50 EDT" name="beforeTest" finished-at="2021-07-08T21:49:52 EDT" duration-ms="2789" status="PASS">
          <params>
            <param index="0">
              <value>
                <![CDATA[chrome]]>
              </value>
            </param>
            <param index="1">
              <value>
                <![CDATA[https://facebook.com]]>
              </value>
            </param>
          </params>
          <reporter-output>
          </reporter-output>
        </test-method> <!-- beforeTest -->
        <test-method is-config="true" signature="afterTest()[pri:0, instance:test.Base@6e0f5f7f]" started-at="2021-07-08T21:49:53 EDT" name="afterTest" finished-at="2021-07-08T21:49:53 EDT" duration-ms="0" status="PASS">
          <reporter-output>
          </reporter-output>
        </test-method> <!-- afterTest -->
      </class> <!-- test.Base -->
      <class name="test.LoginValidation">
        <test-method signature="LoginTest(java.lang.String,java.lang.String)[pri:0, instance:test.LoginValidation@2c1b194a]" started-at="2021-07-08T21:49:52 EDT" name="LoginTest" finished-at="2021-07-08T21:49:53 EDT" duration-ms="185" status="PASS">
          <params>
            <param index="0">
              <value>
                <![CDATA[manu@gmail.com]]>
              </value>
            </param>
            <param index="1">
              <value>
                <![CDATA[123456]]>
              </value>
            </param>
          </params>
          <reporter-output>
          </reporter-output>
        </test-method> <!-- LoginTest -->
      </class> <!-- test.LoginValidation -->
      <class name="test.ProjectValidation">
        <test-method signature="URLValidation()[pri:0, instance:test.ProjectValidation@4dbb42b7]" started-at="2021-07-08T21:49:53 EDT" name="URLValidation" finished-at="2021-07-08T21:49:53 EDT" duration-ms="6" status="PASS">
          <reporter-output>
            <line>
              <![CDATA[Actual url is:https://www.facebook.com/]]>
            </line>
            <line>
              <![CDATA[Expected url is:https://www.facebook.com/]]>
            </line>
          </reporter-output>
        </test-method> <!-- URLValidation -->
        <test-method signature="titleValidation()[pri:0, instance:test.ProjectValidation@4dbb42b7]" started-at="2021-07-08T21:49:53 EDT" name="titleValidation" finished-at="2021-07-08T21:49:53 EDT" duration-ms="5" status="PASS">
          <reporter-output>
          </reporter-output>
        </test-method> <!-- titleValidation -->
      </class> <!-- test.ProjectValidation -->
    </test> <!-- Regression Test - chrome -->
  </suite> <!-- Regression Suite -->
</testng-results>
