<?xml version="1.0" encoding="UTF-8"?>
<!-- Generated by org.testng.reporters.JUnitXMLReporter -->
<testsuite ignored="4" hostname="DESKTOP-K1KU20A" failures="0" tests="3" name="Regression Test" time="3.47" errors="0" timestamp="2021-03-24T21:04:16 EDT">
  <testcase classname="test.LoginValidation" name="LoginTest" time="0.157"/>
  <testcase classname="test.ProjectValidation" name="URLValidation" time="0.007"/>
  <testcase classname="test.ProjectValidation" name="titleValidation" time="0.004"/>
  <testcase classname="test.Base" name="@BeforeTest beforeTest" time="0.0">
    <ignored/>
  </testcase> <!-- @BeforeTest beforeTest -->
  <testcase classname="test.Base" name="@BeforeTest beforeTest" time="0.0">
    <ignored/>
  </testcase> <!-- @BeforeTest beforeTest -->
  <testcase classname="test.Base" name="@AfterTest afterTest" time="0.0">
    <ignored/>
  </testcase> <!-- @AfterTest afterTest -->
  <testcase classname="test.Base" name="@AfterTest afterTest" time="0.0">
    <ignored/>
  </testcase> <!-- @AfterTest afterTest -->
</testsuite> <!-- Regression Test -->
