<?xml version="1.0" encoding="UTF-8"?>
<!-- Generated by org.testng.reporters.JUnitXMLReporter -->
<testsuite ignored="4" hostname="DESKTOP-K1KU20A" failures="0" tests="3" name="Regression Test - firefox" time="6.53" errors="0" timestamp="2021-07-08T21:49:15 EDT">
  <testcase classname="test.LoginValidation" name="LoginTest" time="0.231"/>
  <testcase classname="test.ProjectValidation" name="URLValidation" time="0.004"/>
  <testcase classname="test.ProjectValidation" name="titleValidation" time="0.005"/>
  <testcase classname="test.Base" name="@BeforeTest beforeTest" time="0.0">
    <ignored/>
  </testcase> <!-- @BeforeTest beforeTest -->
  <testcase classname="test.Base" name="@BeforeTest beforeTest" time="0.0">
    <ignored/>
  </testcase> <!-- @BeforeTest beforeTest -->
  <testcase classname="test.Base" name="@AfterTest afterTest" time="0.0">
    <ignored/>
  </testcase> <!-- @AfterTest afterTest -->
  <testcase classname="test.Base" name="@AfterTest afterTest" time="0.0">
    <ignored/>
  </testcase> <!-- @AfterTest afterTest -->
</testsuite> <!-- Regression Test - firefox -->
